---- light / ericw-tools v0.18.1 ----
Raytracing backend: Embree
running with 12 threads
LoadBSPFile: 'Bridges.bsp'
BSP is version 29
--- LoadEntities ---
WARNING: brush entity with mins (-303.00 -831.00 33.) maxs (-289.00 -737.00 143) (trigger_teleport) has empty key/value "" ""
56 entities read, 0 are lights.
--- OptionsSummary ---
Embree_TraceInit: Embree version: 2.15.0
Embree_TraceInit:
	84 sky faces
	2137 solid faces
	0 filtered faces
	0 shadow-casting skip faces
SetupLights: 0 initial lights
SetupLights: 0 after surface lights
SetupLights: 0 after jittering
--- EstimateLightVisibility ---

Final count: 0 lights 0 suns in use.
--- LightWorld ---
0....1....2....3....4....5....6....7....8....9....
Lighting Completed.

lightdatasize: 0
0 switchable light styles (32 max)
Writing Bridges.bsp as BSP version 29
0.831 seconds elapsed

stats:
0.000000 lights tested, 0.000000 hits per sample point
0.000000 bounce lights tested, 0.000000 hits per sample point
0 empty lightmaps
